{
  "RSpec": {
    "coverage": {
      "/Users/raymondsims/tic-tac-toe-rb/lib/tic_tac_toe.rb": {
        "lines": [
          1,
          null,
          null,
          1,
          null,
          null,
          null,
          null,
          1,
          16,
          16,
          16,
          16,
          16,
          null,
          null,
          null,
          null,
          null,
          null,
          null,
          1,
          null,
          9333,
          null,
          9332,
          null,
          null,
          1,
          17,
          null,
          null,
          1,
          null,
          4,
          2,
          null,
          2,
          2,
          null,
          null,
          null,
          null,
          1,
          null,
          9332,
          2,
          9330,
          15,
          null,
          9315,
          null,
          null,
          null,
          null,
          null,
          null,
          null,
          null,
          null,
          null,
          null,
          null,
          1,
          9330,
          9330,
          9330,
          9329,
          14,
          14,
          null,
          9315,
          null,
          null,
          null,
          null,
          1,
          16,
          16,
          null,
          144,
          null,
          13,
          null,
          null,
          16,
          null,
          null,
          1,
          15,
          11,
          null,
          4,
          null,
          null,
          null,
          null,
          null,
          1,
          16,
          4,
          null,
          12,
          null,
          null,
          null,
          1,
          null,
          null,
          null,
          null,
          null,
          null,
          9,
          null,
          null,
          null,
          1,
          10,
          3,
          null,
          7,
          null,
          null,
          null,
          1,
          3,
          2,
          null,
          null,
          null,
          1,
          null,
          26,
          null,
          182,
          182,
          182,
          null,
          182,
          182,
          182,
          null,
          182,
          6,
          null,
          176,
          2,
          null,
          null,
          18,
          null,
          null,
          1,
          6,
          5,
          1,
          4,
          0,
          null,
          null,
          null,
          null,
          null,
          null,
          null
        ]
      }
    },
    "timestamp": 1635972835
  }
}
