{
  "RSpec": {
    "coverage": {
      "/Users/raymondsims/tic-tac-toe-rb/lib/tic_tac_toe.rb": {
        "lines": [
          1,
          null,
          null,
          1,
          null,
          null,
          null,
          null,
          1,
          24,
          24,
          24,
          24,
          24,
          null,
          null,
          null,
          null,
          null,
          null,
          null,
          1,
          null,
          23,
          null,
          23,
          null,
          null,
          1,
          22,
          null,
          null,
          1,
          null,
          4,
          2,
          null,
          2,
          2,
          null,
          null,
          null,
          null,
          1,
          null,
          23,
          2,
          21,
          20,
          null,
          1,
          null,
          null,
          null,
          null,
          null,
          null,
          null,
          null,
          null,
          null,
          null,
          null,
          1,
          20,
          20,
          20,
          20,
          19,
          19,
          null,
          null,
          1,
          null,
          null,
          null,
          null,
          1,
          21,
          21,
          null,
          189,
          null,
          31,
          null,
          null,
          21,
          null,
          null,
          1,
          20,
          14,
          null,
          6,
          null,
          null,
          null,
          null,
          null,
          1,
          33,
          150,
          25,
          null,
          null,
          null,
          null,
          8,
          null,
          null,
          null,
          1,
          null,
          null,
          null,
          null,
          null,
          null,
          23,
          null,
          null,
          null,
          1,
          21,
          10,
          null,
          11,
          null,
          null,
          null,
          1,
          7,
          6,
          null,
          null,
          null,
          1,
          null,
          66,
          null,
          414,
          414,
          414,
          null,
          414,
          414,
          414,
          null,
          414,
          18,
          null,
          396,
          6,
          null,
          null,
          42,
          null,
          null,
          1,
          12,
          null,
          12,
          5,
          7,
          3,
          null,
          null,
          null,
          null,
          null,
          null,
          null,
          null,
          null,
          null,
          null,
          null
        ]
      }
    },
    "timestamp": 1636058945
  }
}
